<?xml version="1.0" encoding="UTF-8"?>
<testng-results skipped="0" failed="0" total="2" passed="2">
  <reporter-output>
  </reporter-output>
  <suite name="Default suite" duration-ms="29457" started-at="2019-03-30T16:46:05Z" finished-at="2019-03-30T16:46:34Z">
    <groups>
    </groups>
    <test name="Default test" duration-ms="29457" started-at="2019-03-30T16:46:05Z" finished-at="2019-03-30T16:46:34Z">
      <class name="com.project.testcases.sandeep">
        <test-method status="PASS" signature="LaunchBrowser()[pri:0, instance:com.project.testcases.sandeep@6debcae2]" name="LaunchBrowser" is-config="true" duration-ms="7189" started-at="2019-03-30T22:16:05Z" finished-at="2019-03-30T22:16:12Z">
          <reporter-output>
          </reporter-output>
        </test-method> <!-- LaunchBrowser -->
        <test-method status="PASS" signature="EnterCalorieDetails(java.lang.String, java.lang.String)[pri:0, instance:com.project.testcases.sandeep@6debcae2]" name="EnterCalorieDetails" duration-ms="5255" started-at="2019-03-30T22:16:12Z" data-provider="getCalorieData" finished-at="2019-03-30T22:16:17Z">
          <params>
            <param index="0">
              <value>
                <![CDATA[45]]>
              </value>
            </param>
            <param index="1">
              <value>
                <![CDATA[f]]>
              </value>
            </param>
          </params>
          <reporter-output>
          </reporter-output>
        </test-method> <!-- EnterCalorieDetails -->
        <test-method status="PASS" signature="CloseBrowser()[pri:0, instance:com.project.testcases.sandeep@6debcae2]" name="CloseBrowser" is-config="true" duration-ms="2648" started-at="2019-03-30T22:16:17Z" finished-at="2019-03-30T22:16:20Z">
          <reporter-output>
          </reporter-output>
        </test-method> <!-- CloseBrowser -->
        <test-method status="PASS" signature="LaunchBrowser()[pri:0, instance:com.project.testcases.sandeep@6debcae2]" name="LaunchBrowser" is-config="true" duration-ms="6307" started-at="2019-03-30T22:16:20Z" finished-at="2019-03-30T22:16:26Z">
          <reporter-output>
          </reporter-output>
        </test-method> <!-- LaunchBrowser -->
        <test-method status="PASS" signature="EnterCalorieDetails(java.lang.String, java.lang.String)[pri:0, instance:com.project.testcases.sandeep@6debcae2]" name="EnterCalorieDetails" duration-ms="5173" started-at="2019-03-30T22:16:26Z" data-provider="getCalorieData" finished-at="2019-03-30T22:16:31Z">
          <params>
            <param index="0">
              <value>
                <![CDATA[56]]>
              </value>
            </param>
            <param index="1">
              <value>
                <![CDATA[m]]>
              </value>
            </param>
          </params>
          <reporter-output>
          </reporter-output>
        </test-method> <!-- EnterCalorieDetails -->
        <test-method status="PASS" signature="CloseBrowser()[pri:0, instance:com.project.testcases.sandeep@6debcae2]" name="CloseBrowser" is-config="true" duration-ms="2854" started-at="2019-03-30T22:16:31Z" finished-at="2019-03-30T22:16:34Z">
          <reporter-output>
          </reporter-output>
        </test-method> <!-- CloseBrowser -->
      </class> <!-- com.project.testcases.sandeep -->
    </test> <!-- Default test -->
  </suite> <!-- Default suite -->
</testng-results>
